# JRE version: Java(TM) SE Runtime Environment (11.0.5+10) (build 11.0.5+10-LTS)
# Java VM: Java HotSpot(TM) 64-Bit Server VM (11.0.5+10-LTS, mixed mode, tiered, compressed oops, g1 gc, windows-amd64)
Heap:
 garbage-first heap   total 81920K, used 60054K [0x0000000081e00000, 0x0000000100000000)
  region size 1024K, 37 young (37888K), 3 survivors (3072K)
 Metaspace       used 73735K, capacity 75566K, committed 75600K, reserved 1116160K
  class space    used 8969K, capacity 9696K, committed 9728K, reserved 1048576K
GC Heap History (10 events):
Event: 263.017 GC heap before
{Heap before GC invocations=26 (full 3):
 garbage-first heap   total 81920K, used 62468K [0x0000000081e00000, 0x0000000100000000)
  region size 1024K, 38 young (38912K), 2 survivors (2048K)
 Metaspace       used 71872K, capacity 73696K, committed 73936K, reserved 1114112K
  class space    used 8835K, capacity 9519K, committed 9600K, reserved 1048576K
}
Event: 263.020 GC heap after
{Heap after GC invocations=27 (full 3):
 garbage-first heap   total 81920K, used 26890K [0x0000000081e00000, 0x0000000100000000)
  region size 1024K, 3 young (3072K), 3 survivors (3072K)
 Metaspace       used 71872K, capacity 73696K, committed 73936K, reserved 1114112K
  class space    used 8835K, capacity 9519K, committed 9600K, reserved 1048576K
}
Event: 264.102 GC heap before
{Heap before GC invocations=27 (full 3):
 garbage-first heap   total 81920K, used 63754K [0x0000000081e00000, 0x0000000100000000)
  region size 1024K, 39 young (39936K), 3 survivors (3072K)
 Metaspace       used 72414K, capacity 74282K, committed 74448K, reserved 1114112K
  class space    used 8862K, capacity 9573K, committed 9600K, reserved 1048576K
}
Event: 264.108 GC heap after
{Heap after GC invocations=28 (full 3):
 garbage-first heap   total 81920K, used 28587K [0x0000000081e00000, 0x0000000100000000)
  region size 1024K, 4 young (4096K), 4 survivors (4096K)
 Metaspace       used 72414K, capacity 74282K, committed 74448K, reserved 1114112K
  class space    used 8862K, capacity 9573K, committed 9600K, reserved 1048576K
}
Event: 452.281 GC heap before
{Heap before GC invocations=28 (full 3):
 garbage-first heap   total 81920K, used 44971K [0x0000000081e00000, 0x0000000100000000)
  region size 1024K, 21 young (21504K), 4 survivors (4096K)
 Metaspace       used 73218K, capacity 74980K, committed 75088K, reserved 1114112K
  class space    used 8943K, capacity 9656K, committed 9728K, reserved 1048576K
}
Event: 452.347 GC heap after
{Heap after GC invocations=29 (full 4):
 garbage-first heap   total 81920K, used 23894K [0x0000000081e00000, 0x0000000100000000)
  region size 1024K, 0 young (0K), 0 survivors (0K)
 Metaspace       used 73209K, capacity 74962K, committed 75088K, reserved 1114112K
  class space    used 8942K, capacity 9651K, committed 9728K, reserved 1048576K
}
Event: 453.053 GC heap before
{Heap before GC invocations=29 (full 4):
 garbage-first heap   total 81920K, used 62806K [0x0000000081e00000, 0x0000000100000000)
  region size 1024K, 39 young (39936K), 0 survivors (0K)
 Metaspace       used 73284K, capacity 75113K, committed 75344K, reserved 1116160K
  class space    used 8946K, capacity 9657K, committed 9728K, reserved 1048576K
}
Event: 453.056 GC heap after
{Heap after GC invocations=30 (full 4):
 garbage-first heap   total 81920K, used 25942K [0x0000000081e00000, 0x0000000100000000)
  region size 1024K, 2 young (2048K), 2 survivors (2048K)
 Metaspace       used 73284K, capacity 75113K, committed 75344K, reserved 1116160K
  class space    used 8946K, capacity 9657K, committed 9728K, reserved 1048576K
}
Event: 453.355 GC heap before
{Heap before GC invocations=30 (full 4):
 garbage-first heap   total 81920K, used 63830K [0x0000000081e00000, 0x0000000100000000)
  region size 1024K, 40 young (40960K), 2 survivors (2048K)
 Metaspace       used 73340K, capacity 75212K, committed 75344K, reserved 1116160K
  class space    used 8953K, capacity 9691K, committed 9728K, reserved 1048576K
}
Event: 453.361 GC heap after
{Heap after GC invocations=31 (full 4):
 garbage-first heap   total 81920K, used 26262K [0x0000000081e00000, 0x0000000100000000)
  region size 1024K, 3 young (3072K), 3 survivors (3072K)
 Metaspace       used 73340K, capacity 75212K, committed 75344K, reserved 1116160K
  class space    used 8953K, capacity 9691K, committed 9728K, reserved 1048576K
}

